TN:
SF:src/index.ts
FN:18,(anonymous_0)
FN:37,(anonymous_1)
FN:58,(anonymous_2)
FN:82,(anonymous_3)
FN:97,(anonymous_4)
FN:130,(anonymous_5)
FN:131,(anonymous_6)
FN:143,(anonymous_7)
FN:147,(anonymous_8)
FN:151,(anonymous_9)
FN:159,(anonymous_10)
FN:166,(anonymous_11)
FN:202,(anonymous_12)
FN:214,(anonymous_13)
FN:245,(anonymous_14)
FN:255,(anonymous_15)
FN:268,(anonymous_16)
FN:270,(anonymous_17)
FN:282,(anonymous_18)
FN:565,(anonymous_19)
FN:637,(anonymous_20)
FN:649,(anonymous_21)
FN:668,(anonymous_22)
FN:680,(anonymous_23)
FN:692,(anonymous_24)
FN:706,(anonymous_25)
FN:718,(anonymous_26)
FN:732,(anonymous_27)
FN:748,(anonymous_28)
FN:763,(anonymous_29)
FN:778,(anonymous_30)
FN:793,(anonymous_31)
FN:805,(anonymous_32)
FN:817,(anonymous_33)
FN:832,(anonymous_34)
FN:876,(anonymous_35)
FN:883,(anonymous_36)
FN:887,(anonymous_37)
FN:891,(anonymous_38)
FN:899,(anonymous_39)
FN:931,(anonymous_40)
FN:932,(anonymous_41)
FN:936,(anonymous_42)
FN:942,(anonymous_43)
FN:950,createServer
FNF:45
FNH:0
FNDA:0,(anonymous_0)
FNDA:0,(anonymous_1)
FNDA:0,(anonymous_2)
FNDA:0,(anonymous_3)
FNDA:0,(anonymous_4)
FNDA:0,(anonymous_5)
FNDA:0,(anonymous_6)
FNDA:0,(anonymous_7)
FNDA:0,(anonymous_8)
FNDA:0,(anonymous_9)
FNDA:0,(anonymous_10)
FNDA:0,(anonymous_11)
FNDA:0,(anonymous_12)
FNDA:0,(anonymous_13)
FNDA:0,(anonymous_14)
FNDA:0,(anonymous_15)
FNDA:0,(anonymous_16)
FNDA:0,(anonymous_17)
FNDA:0,(anonymous_18)
FNDA:0,(anonymous_19)
FNDA:0,(anonymous_20)
FNDA:0,(anonymous_21)
FNDA:0,(anonymous_22)
FNDA:0,(anonymous_23)
FNDA:0,(anonymous_24)
FNDA:0,(anonymous_25)
FNDA:0,(anonymous_26)
FNDA:0,(anonymous_27)
FNDA:0,(anonymous_28)
FNDA:0,(anonymous_29)
FNDA:0,(anonymous_30)
FNDA:0,(anonymous_31)
FNDA:0,(anonymous_32)
FNDA:0,(anonymous_33)
FNDA:0,(anonymous_34)
FNDA:0,(anonymous_35)
FNDA:0,(anonymous_36)
FNDA:0,(anonymous_37)
FNDA:0,(anonymous_38)
FNDA:0,(anonymous_39)
FNDA:0,(anonymous_40)
FNDA:0,(anonymous_41)
FNDA:0,(anonymous_42)
FNDA:0,(anonymous_43)
FNDA:0,createServer
DA:3,0
DA:4,0
DA:5,0
DA:10,0
DA:20,0
DA:21,0
DA:33,0
DA:34,0
DA:39,0
DA:40,0
DA:44,0
DA:45,0
DA:49,0
DA:50,0
DA:51,0
DA:52,0
DA:54,0
DA:59,0
DA:83,0
DA:86,0
DA:87,0
DA:90,0
DA:91,0
DA:93,0
DA:100,0
DA:101,0
DA:104,0
DA:105,0
DA:108,0
DA:109,0
DA:110,0
DA:111,0
DA:115,0
DA:116,0
DA:119,0
DA:120,0
DA:121,0
DA:122,0
DA:127,0
DA:131,0
DA:133,0
DA:134,0
DA:136,0
DA:140,0
DA:141,0
DA:143,0
DA:144,0
DA:147,0
DA:148,0
DA:151,0
DA:152,0
DA:153,0
DA:155,0
DA:159,0
DA:160,0
DA:167,0
DA:168,0
DA:179,0
DA:180,0
DA:182,0
DA:191,0
DA:203,0
DA:215,0
DA:216,0
DA:227,0
DA:228,0
DA:229,0
DA:231,0
DA:237,0
DA:246,0
DA:256,0
DA:270,0
DA:282,0
DA:565,0
DA:566,0
DA:567,0
DA:569,0
DA:570,0
DA:572,0
DA:575,0
DA:578,0
DA:581,0
DA:584,0
DA:587,0
DA:590,0
DA:593,0
DA:596,0
DA:599,0
DA:602,0
DA:605,0
DA:608,0
DA:611,0
DA:614,0
DA:617,0
DA:620,0
DA:623,0
DA:638,0
DA:639,0
DA:650,0
DA:651,0
DA:652,0
DA:653,0
DA:654,0
DA:657,0
DA:658,0
DA:669,0
DA:670,0
DA:681,0
DA:682,0
DA:693,0
DA:695,0
DA:696,0
DA:707,0
DA:708,0
DA:719,0
DA:721,0
DA:722,0
DA:733,0
DA:734,0
DA:735,0
DA:737,0
DA:738,0
DA:749,0
DA:750,0
DA:752,0
DA:753,0
DA:764,0
DA:765,0
DA:767,0
DA:768,0
DA:779,0
DA:780,0
DA:782,0
DA:783,0
DA:794,0
DA:795,0
DA:806,0
DA:807,0
DA:818,0
DA:819,0
DA:821,0
DA:822,0
DA:833,0
DA:834,0
DA:838,0
DA:840,0
DA:851,0
DA:852,0
DA:854,0
DA:872,0
DA:877,0
DA:878,0
DA:879,0
DA:881,0
DA:882,0
DA:883,0
DA:884,0
DA:885,0
DA:887,0
DA:888,0
DA:891,0
DA:892,0
DA:893,0
DA:895,0
DA:899,0
DA:900,0
DA:904,0
DA:906,0
DA:910,0
DA:919,0
DA:932,0
DA:933,0
DA:936,0
DA:937,0
DA:938,0
DA:943,0
DA:944,0
DA:945,0
DA:950,0
DA:951,0
DA:952,0
DA:956,0
DA:957,0
DA:958,0
LF:184
LH:0
BRDA:39,0,0,0
BRDA:39,1,0,0
BRDA:39,1,1,0
BRDA:44,2,0,0
BRDA:44,3,0,0
BRDA:44,3,1,0
BRDA:44,3,2,0
BRDA:90,4,0,0
BRDA:100,5,0,0
BRDA:104,6,0,0
BRDA:108,7,0,0
BRDA:110,8,0,0
BRDA:115,9,0,0
BRDA:119,10,0,0
BRDA:121,11,0,0
BRDA:133,12,0,0
BRDA:133,12,1,0
BRDA:134,13,0,0
BRDA:134,13,1,0
BRDA:152,14,0,0
BRDA:152,14,1,0
BRDA:228,15,0,0
BRDA:228,15,1,0
BRDA:567,16,0,0
BRDA:567,16,1,0
BRDA:570,17,0,0
BRDA:570,17,1,0
BRDA:570,17,2,0
BRDA:570,17,3,0
BRDA:570,17,4,0
BRDA:570,17,5,0
BRDA:570,17,6,0
BRDA:570,17,7,0
BRDA:570,17,8,0
BRDA:570,17,9,0
BRDA:570,17,10,0
BRDA:570,17,11,0
BRDA:570,17,12,0
BRDA:570,17,13,0
BRDA:570,17,14,0
BRDA:570,17,15,0
BRDA:570,17,16,0
BRDA:627,18,0,0
BRDA:627,18,1,0
BRDA:651,19,0,0
BRDA:651,19,1,0
BRDA:653,20,0,0
BRDA:734,21,0,0
BRDA:735,22,0,0
BRDA:750,23,0,0
BRDA:765,24,0,0
BRDA:780,25,0,0
BRDA:819,26,0,0
BRDA:832,27,0,0
BRDA:834,28,0,0
BRDA:834,28,1,0
BRDA:838,29,0,0
BRDA:838,29,1,0
BRDA:864,30,0,0
BRDA:864,30,1,0
BRDA:872,31,0,0
BRDA:872,31,1,0
BRDA:892,32,0,0
BRDA:892,32,1,0
BRDA:923,33,0,0
BRDA:923,33,1,0
BRDA:956,34,0,0
BRDA:956,35,0,0
BRDA:956,35,1,0
BRF:69
BRH:0
end_of_record
TN:
SF:src/smithery.ts
FN:39,createZetaChainMCPServer
FN:44,(anonymous_1)
FN:150,(anonymous_2)
FN:162,(anonymous_3)
FN:428,(anonymous_4)
FNF:5
FNH:0
FNDA:0,createZetaChainMCPServer
FNDA:0,(anonymous_1)
FNDA:0,(anonymous_2)
FNDA:0,(anonymous_3)
FNDA:0,(anonymous_4)
DA:3,0
DA:5,0
DA:13,0
DA:39,0
DA:40,0
DA:41,0
DA:42,0
DA:44,0
DA:46,0
DA:48,0
DA:49,0
DA:80,0
DA:81,0
DA:98,0
DA:99,0
DA:111,0
DA:112,0
DA:123,0
DA:124,0
DA:133,0
DA:136,0
DA:150,0
DA:162,0
DA:428,0
DA:429,0
DA:430,0
DA:432,0
DA:433,0
DA:435,0
DA:436,0
DA:447,0
DA:448,0
DA:459,0
DA:477,0
DA:488,0
DA:499,0
DA:510,0
DA:522,0
LF:38
LH:0
BRDA:41,0,0,0
BRDA:41,0,1,0
BRDA:42,1,0,0
BRDA:42,1,1,0
BRDA:48,2,0,0
BRDA:80,3,0,0
BRDA:98,4,0,0
BRDA:111,5,0,0
BRDA:123,6,0,0
BRDA:430,7,0,0
BRDA:430,7,1,0
BRDA:433,8,0,0
BRDA:433,8,1,0
BRDA:433,8,2,0
BRDA:433,8,3,0
BRDA:433,8,4,0
BRDA:433,8,5,0
BRDA:514,9,0,0
BRDA:514,9,1,0
BRF:19
BRH:0
end_of_record
